<?xml version="1.0" encoding="UTF-8"?>
<testng-results skipped="0" failed="0" ignored="0" total="4" passed="4">
  <reporter-output>
  </reporter-output>
  <suite name="Suite" duration-ms="37" started-at="2019-07-10T10:02:11Z" finished-at="2019-07-10T10:02:11Z">
    <groups>
    </groups>
    <test name="Test" duration-ms="37" started-at="2019-07-10T10:02:11Z" finished-at="2019-07-10T10:02:11Z">
      <class name="qaclickacademy.RestAPITest">
        <test-method status="PASS" signature="PostJira()[pri:0, instance:qaclickacademy.RestAPITest@b4c3ab]" name="PostJira" duration-ms="0" started-at="2019-07-10T10:02:11Z" finished-at="2019-07-10T10:02:11Z">
          <reporter-output>
          </reporter-output>
        </test-method> <!-- PostJira -->
        <test-method status="PASS" signature="DeleteTwitter()[pri:0, instance:qaclickacademy.RestAPITest@b4c3ab]" name="DeleteTwitter" duration-ms="0" started-at="2019-07-10T10:02:11Z" finished-at="2019-07-10T10:02:11Z">
          <reporter-output>
          </reporter-output>
        </test-method> <!-- DeleteTwitter -->
      </class> <!-- qaclickacademy.RestAPITest -->
      <class name="qaclickacademy.SeleniumTest">
        <test-method status="PASS" signature="BrowserAutomation()[pri:0, instance:qaclickacademy.SeleniumTest@f8360d]" name="BrowserAutomation" duration-ms="8" started-at="2019-07-10T10:02:11Z" finished-at="2019-07-10T10:02:11Z">
          <reporter-output>
          </reporter-output>
        </test-method> <!-- BrowserAutomation -->
        <test-method status="PASS" signature="ElementsUI()[pri:0, instance:qaclickacademy.SeleniumTest@f8360d]" name="ElementsUI" duration-ms="0" started-at="2019-07-10T10:02:11Z" finished-at="2019-07-10T10:02:11Z">
          <reporter-output>
          </reporter-output>
        </test-method> <!-- ElementsUI -->
      </class> <!-- qaclickacademy.SeleniumTest -->
    </test> <!-- Test -->
  </suite> <!-- Suite -->
</testng-results>
